20230404	06:59:27	5693ecfd-ab79-43b3-8db7-bb4db3a86fed	GET	/	undefined
20230404	06:59:27	5c9b4e8f-810d-4be5-b41e-e5507725dcb6	GET	/css/style.css	undefined
20230404	06:59:28	42b0e077-10d3-4455-8c52-0a18cf3ffaa9	GET	/favicon.ico	undefined
20230404	07:08:14	2fdad611-d386-4a29-ac4b-e5073259349a	OPTIONS	/users	http://localhost:3000
20230404	07:08:14	5e4c5509-55a1-4d1e-b386-4be0912f3e2c	POST	/users	http://localhost:3000
20230404	07:08:14	ea065c1d-de9c-4111-b049-57f2e249949c	GET	/users	http://localhost:3000
20230404	07:09:29	e2c6acdb-917c-4a42-968c-4f9e6c422f5c	POST	/auth/logout	http://localhost:3000
20230404	07:09:32	819be52d-ae57-4e56-b1bd-137cd04808d7	GET	/users	http://localhost:3000
20230404	07:10:42	4361ffe6-f535-4095-9868-e43ae7e2fc88	OPTIONS	/auth	http://localhost:3000
20230404	07:10:42	7fa264aa-5689-421d-a7bb-5c9268775ab2	POST	/auth	http://localhost:3000
20230404	07:10:42	1a72f0c6-979e-41a4-8456-c21a9cf72ed4	GET	/users	http://localhost:3000
20230404	07:10:45	254b1d01-f6f6-45ac-bf87-eeb8a32dc066	POST	/auth/logout	http://localhost:3000
20230404	07:11:10	b94f64b2-d0f2-4d9b-978d-aa41dea1951b	OPTIONS	/auth	http://localhost:3000
20230404	07:11:10	3ecd6bc9-8ee3-4893-9535-42d4ba977fc8	POST	/auth	http://localhost:3000
20230404	07:11:10	2f34b67d-f6b3-4bfc-b03b-e29af04c416a	GET	/users	http://localhost:3000
20230404	07:11:52	8337ecc8-1806-49f6-85c7-ebfac99a0e6c	GET	/users	http://localhost:3000
20230404	07:12:00	366956c0-f2f6-4a5b-9ec6-1a6d8f86c317	POST	/auth/logout	http://localhost:3000
20230404	07:12:12	846ae32f-708e-4ca0-9fe9-6be1833074ca	OPTIONS	/auth	http://localhost:3000
20230404	07:12:12	bcfa9be0-c664-44f1-92a2-318720ffdcaa	POST	/auth	http://localhost:3000
20230404	07:12:12	2955739b-738e-49fc-b638-d760914dd0d6	GET	/users	http://localhost:3000
20230404	07:12:37	78e61204-c60e-456b-b03b-a0c93af6e610	POST	/auth/logout	http://localhost:3000
20230404	07:13:52	4ffdfc51-b6a0-4879-a955-cf53bc28b7db	OPTIONS	/users	http://localhost:3000
20230404	07:13:52	6fb14174-3225-4507-a301-9f5c2ac9ecbf	POST	/users	http://localhost:3000
20230404	07:13:52	345122b1-2938-46f2-aa3e-1002300e76c8	GET	/users	http://localhost:3000
20230404	07:13:58	40689a35-4699-4222-a096-a6569252c972	GET	/users	undefined
20230404	07:16:06	1ada9546-2d50-42c4-b000-5d33fbb58deb	GET	/users	http://localhost:3000
20230404	07:22:07	48d490a0-df61-48a2-9b01-35392229923c	POST	/auth/logout	http://localhost:3000
20230404	07:22:20	6ba228d8-0122-4310-81da-809950da63c0	OPTIONS	/auth	http://localhost:3000
20230404	07:22:20	7144a904-8796-448e-80d4-0f89015398b5	POST	/auth	http://localhost:3000
20230404	07:22:21	c1a6ba9a-463a-48a8-9a0e-2281cf75844a	GET	/users	http://localhost:3000
20230404	07:58:29	27dfe058-45a0-4bb9-bc18-78e7fbc31d2a	POST	/auth/logout	http://localhost:3000
20230404	07:58:33	106474c4-079d-4893-8cf1-ed23a8373f27	OPTIONS	/auth	http://localhost:3000
20230404	07:58:33	cc8b7d11-ce7f-4fb9-b243-0936c96f1b55	POST	/auth	http://localhost:3000
20230404	07:58:38	bc68b7e4-a375-46ac-8a89-3a3198b8b332	OPTIONS	/auth	http://localhost:3000
20230404	07:58:38	b8982b4b-de15-4625-acbe-8edf4a8b97d1	POST	/auth	http://localhost:3000
20230404	07:58:46	d0b0b7be-9d9e-443a-8aec-1ed6cd118ac7	OPTIONS	/auth	http://localhost:3000
20230404	07:58:46	4d3b922b-5faa-47c1-95b7-32ac814aea41	POST	/auth	http://localhost:3000
20230404	08:00:01	c1212c99-d306-4efe-ac0d-2c93e4d71442	OPTIONS	/auth	http://localhost:3000
20230404	08:00:01	5c858ce7-0024-4a70-bb7d-a803b0091adf	POST	/auth	http://localhost:3000
20230404	08:00:03	4257891e-5d29-4236-a6a6-cb50631f6aad	POST	/auth	http://localhost:3000
20230404	08:00:03	dc7e666a-4354-4822-a2b7-6d8a9b618ee4	POST	/auth	http://localhost:3000
20230404	08:00:04	f76a463d-a5f7-4994-be83-b77f697e833b	POST	/auth	http://localhost:3000
20230404	08:00:06	b68a316a-b2f6-4d79-be0d-eeff229f3760	OPTIONS	/auth	http://localhost:3000
20230404	08:00:06	db272881-909f-4c03-afe8-f2243966c286	POST	/auth	http://localhost:3000
20230404	08:00:09	7b41e4ed-7cc0-4a2f-b018-cb5244e3723c	POST	/auth	http://localhost:3000
20230404	08:07:41	aa873382-253d-4d44-93b8-bc128d15216d	OPTIONS	/auth	http://localhost:3000
20230404	08:07:41	88f82d63-fda0-482a-a7b0-458f867277ed	POST	/auth	http://localhost:3000
20230404	08:07:41	815d79bc-2772-4ab6-86d6-d9b1e09c971d	GET	/users	http://localhost:3000
20230404	08:11:26	93028810-a4e4-4732-8c8f-8ece3faacfcb	GET	/users	http://localhost:3000
20230404	08:11:29	ae6d3c7a-3459-47ef-bb9b-180574042714	GET	/users	http://localhost:3000
20230404	08:11:30	1418f5e8-b80e-423a-b36b-28815a16ba26	GET	/users	http://localhost:3000
20230404	08:12:24	571cd0b1-d281-4952-b7a5-f6409600b869	GET	/users	http://localhost:3000
20230404	08:15:24	f298f579-e63c-4fc5-a6e9-64d189bc3255	POST	/auth/logout	http://localhost:3000
20230404	08:15:34	5b5c72e9-12c7-4907-bd7c-6b349ed8716d	OPTIONS	/auth	http://localhost:3000
20230404	08:15:34	d2d989f2-ceaa-4757-87e6-5c579448fcd0	POST	/auth	http://localhost:3000
20230404	08:15:34	32097e63-1407-429d-bfbd-ab0ddf298c2a	OPTIONS	/users	http://localhost:3000
20230404	08:15:34	ccf5f5e5-3ad9-4f45-b4ea-5ed90e6f3d79	GET	/users	http://localhost:3000
20230404	08:18:06	5a0eba9b-602b-4663-a786-cba836f93891	GET	/users	http://localhost:3000
20230404	08:18:10	40d3f329-e942-4062-b8cf-2db226ab056a	POST	/auth/logout	http://localhost:3000
20230404	08:18:16	51afcbb3-01c0-4f67-82fa-afa6058d4b68	OPTIONS	/auth	http://localhost:3000
20230404	08:18:16	ff37be23-5b03-46d3-8e3e-9fd6a6e14e4a	POST	/auth	http://localhost:3000
20230404	08:18:16	b4556c08-8ce5-4e4b-bb88-fd7f99429d31	OPTIONS	/users	http://localhost:3000
20230404	08:18:16	27ad4944-2072-4da1-ac03-3d8dde979388	GET	/users	http://localhost:3000
20230404	08:20:14	884a35ae-2d7c-49dc-9a2d-c56a5c5a4823	GET	/users	http://localhost:3000
20230404	08:20:16	37d7b395-4625-4dc6-a31a-a1fe55f784bb	POST	/auth/logout	http://localhost:3000
20230404	08:20:24	7b956f7f-c6ed-46c8-bf2b-60f99b60c9c6	OPTIONS	/auth	http://localhost:3000
20230404	08:20:24	d0557219-cfac-4207-b806-07f7a4914434	POST	/auth	http://localhost:3000
20230404	08:20:24	7b0876b8-2fa0-497f-a9ec-1e0da654ffb7	OPTIONS	/users	http://localhost:3000
20230404	08:20:24	a1717b09-ea98-4422-86f9-ac3713484345	GET	/users	http://localhost:3000
20230404	08:31:16	95cd8fd3-bf89-4a24-bac5-d55e63bee1c1	OPTIONS	/cards	http://localhost:3000
20230404	08:31:16	1c0b9933-c964-4491-81c4-3f2eecb35a63	GET	/cards	http://localhost:3000
20230404	08:32:15	c9361257-9c64-4811-8497-d47633a5f5f2	OPTIONS	/auth/logout	http://localhost:3000
20230404	08:32:15	b528eedf-59a1-4259-8632-0e0e3a2ff0a1	POST	/auth/logout	http://localhost:3000
20230404	08:32:23	d2837a2b-2aa5-4d0f-9a6f-b134b0aa42d4	OPTIONS	/auth	http://localhost:3000
20230404	08:32:23	38acdcd9-6381-473b-95ca-d8b59e4edd0c	POST	/auth	http://localhost:3000
20230404	08:32:23	3540f9f9-8667-4af9-871b-9c517d5fde42	OPTIONS	/users	http://localhost:3000
20230404	08:32:23	c9162115-9a66-42ea-8e10-8abdf6dc08f0	OPTIONS	/cards	http://localhost:3000
20230404	08:32:23	c66ed7d4-6c93-44df-b7a6-515b2719f852	GET	/users	http://localhost:3000
20230404	08:32:23	a21118a9-09a5-4f70-81fb-aacbce459f8c	GET	/cards	http://localhost:3000
20230404	08:33:57	e69153b8-252f-4123-a697-42921558fc77	OPTIONS	/auth/logout	http://localhost:3000
20230404	08:33:57	340ceb77-ee31-4f93-82de-c014ec53368d	POST	/auth/logout	http://localhost:3000
20230404	08:35:59	2bdb1307-c7cf-466e-ab85-dc5dd707d6dc	OPTIONS	/auth	http://localhost:3000
20230404	08:35:59	7123623e-663c-4bdc-b678-04566ca3376e	POST	/auth	http://localhost:3000
20230404	08:35:59	44cefdb6-ed6d-4c2b-b395-ca569e617e9d	OPTIONS	/users	http://localhost:3000
20230404	08:35:59	0a1eb7a8-8834-4d90-95fd-24cc88b3cd32	OPTIONS	/cards	http://localhost:3000
20230404	08:35:59	c45640e8-5689-4899-9d68-6583e6476dbb	GET	/users	http://localhost:3000
20230404	08:35:59	234320cf-4e1d-4e2e-836e-756d7044a9df	GET	/cards	http://localhost:3000
20230404	08:36:40	08c65d91-9487-4483-91f9-964127ad3a1d	OPTIONS	/auth/logout	http://localhost:3000
20230404	08:36:40	14122ed1-c5bc-4ca9-8e36-927b80acd2e9	POST	/auth/logout	http://localhost:3000
20230404	08:36:41	9f4a336c-d982-4b28-a4d4-bc2f8cd61e5f	GET	/auth/logout	undefined
20230404	08:36:41	a5ea1426-98b8-4f30-8d1b-e874d29d729c	GET	/auth/css/style.css	undefined
20230404	09:00:22	c23b1843-945e-46f3-b8cb-fbb2c206a400	OPTIONS	/auth	http://localhost:3000
20230404	09:00:22	a1ca271b-933d-41d9-b9aa-c4dc58ef6a73	POST	/auth	http://localhost:3000
20230404	09:00:22	6898bd93-e94b-4d46-ab22-a8f3dec55857	OPTIONS	/users	http://localhost:3000
20230404	09:00:22	a19f23a5-11af-42f8-abba-8396df661386	OPTIONS	/cards	http://localhost:3000
20230404	09:00:22	f15f0791-121e-43cb-b4d7-7ba15d2a3ba4	GET	/users	http://localhost:3000
20230404	09:00:22	1c8f3ba4-eaaf-4ce9-95a5-eb9f71a933e2	GET	/cards	http://localhost:3000
20230404	09:00:40	f68275ee-c613-4e36-98a8-5f2eff361691	GET	/cards	http://localhost:3000
20230404	09:00:40	71b68b51-11ba-4e14-a24b-620769f3a640	GET	/users	http://localhost:3000
20230404	09:01:31	c670fa0b-4f66-4118-b798-e7864416a8a9	GET	/users	http://localhost:3000
20230404	09:01:31	2eace0a0-a519-40b5-accf-217365d4c12c	GET	/cards	http://localhost:3000
20230404	09:01:32	28d4238a-c531-43e6-aeb7-d4623e957843	POST	/auth/logout	http://localhost:3000
20230404	09:01:40	946f9122-3e6f-4bf1-8f8f-6d4181b3c272	OPTIONS	/auth	http://localhost:3000
20230404	09:01:40	f65a4ab0-6b49-4b3a-8c3c-677db9379ab7	POST	/auth	http://localhost:3000
20230404	09:01:40	b8b853bb-6e82-4074-a840-acf228a27fff	OPTIONS	/users	http://localhost:3000
20230404	09:01:40	939bcd4c-a5ed-401e-b049-43a90d055880	OPTIONS	/cards	http://localhost:3000
20230404	09:01:40	f4487bff-a5a1-4284-8daf-0bf052c26165	GET	/users	http://localhost:3000
20230404	09:01:40	f866a274-0729-4020-97d0-97f62ff158ac	GET	/cards	http://localhost:3000
20230404	09:02:02	af3554ad-cc81-4fb9-b3b3-27dc0caec2a8	GET	/users	http://localhost:3000
20230404	09:02:02	e195c87c-db9c-4764-984a-adc56b06bcf6	GET	/cards	http://localhost:3000
20230404	09:02:03	b18904f2-db94-4817-9e42-25f88db60fcc	GET	/cards	http://localhost:3000
20230404	09:02:03	17f56a92-b6a7-449f-a229-b6f8a5cb1332	GET	/users	http://localhost:3000
20230404	09:02:42	3ce056b3-3a99-47f5-a3c9-bcd6e3a3e78c	GET	/cards	http://localhost:3000
20230404	09:02:42	87c4f3b7-e6b4-43f9-8f46-77fb191ec9d4	GET	/users	http://localhost:3000
20230404	09:02:44	5b2f95df-61fb-4cf6-b0cf-12d237d8aaed	POST	/auth/logout	http://localhost:3000
20230404	09:02:52	e62b6c9b-d2ff-46e9-9fb9-d167250d3e79	OPTIONS	/auth	http://localhost:3000
20230404	09:02:52	7bd4e4df-162c-4783-8400-2e879ccec3fc	POST	/auth	http://localhost:3000
20230404	09:02:52	50e0ffbf-1f4c-4e68-aa5a-3f219ce68902	OPTIONS	/users	http://localhost:3000
20230404	09:02:52	7d029f7c-8970-46ea-9bc0-2cacfb1fb57e	OPTIONS	/cards	http://localhost:3000
20230404	09:02:52	46a0be5a-2f84-4a26-837f-ebcc28d3e9d2	GET	/users	http://localhost:3000
20230404	09:02:52	131ff9d4-9c62-42ab-a542-ef9ae6d9c861	GET	/cards	http://localhost:3000
20230404	09:04:07	e1584a3f-a680-4086-a625-273a67fbb1f9	OPTIONS	/auth/logout	http://localhost:3000
20230404	09:04:07	d36fe53f-5f2d-4b79-8e85-630ea41b9d80	POST	/auth/logout	http://localhost:3000
20230404	09:11:40	3e84f6e4-b7da-456c-a669-c614d994a7ab	OPTIONS	/auth	http://localhost:3000
20230404	09:11:40	9a782c85-bc04-4ae2-ae85-0e8029305ddd	POST	/auth	http://localhost:3000
20230404	09:11:40	72d58ab7-d0ab-4c38-abfd-831744ec6725	OPTIONS	/users	http://localhost:3000
20230404	09:11:40	c490d095-6503-4c33-9952-42ac54aac658	OPTIONS	/cards	http://localhost:3000
20230404	09:11:40	1d88ce77-72c2-41d7-a7ea-9c5191a7877a	GET	/users	http://localhost:3000
20230404	09:11:40	b00f9737-3013-4a06-a48a-d3227834048a	GET	/cards	http://localhost:3000
20230404	09:11:41	d1aa1407-7b61-45dd-9603-a8f91df7116f	GET	/cards	http://localhost:3000
20230404	09:11:41	acaaad68-e203-4024-b378-a35b6b058fb0	GET	/users	http://localhost:3000
20230404	09:11:43	d0a3633e-83d6-4ec6-a7bc-6c44de231ac6	GET	/users	http://localhost:3000
20230404	09:11:43	c43218d9-58b0-4518-810b-3effb4d88e54	GET	/cards	http://localhost:3000
20230404	09:11:56	a627c974-6f54-48cb-bdc0-e8754ecaa20c	POST	/auth/logout	http://localhost:3000
20230404	09:12:25	93bae6e1-77af-4f2d-8ce5-73ecd61d011b	OPTIONS	/auth	http://localhost:3000
20230404	09:12:25	74059b28-73f0-4484-8e0e-ca374fc38444	GET	/	undefined
20230404	09:12:25	6d6e1daf-aec5-4922-bec6-7731dcd9f871	POST	/auth	http://localhost:3000
20230404	09:12:26	227e7125-de6d-4829-809f-d5874e8aa5e1	GET	/css/style.css	undefined
20230404	09:12:26	a2dc19be-5b4c-4113-9597-a66b23faea13	GET	/favicon.ico	undefined
20230404	09:31:19	686b6958-dd2f-4717-a35f-d675fd804553	OPTIONS	/auth	http://localhost:3000
20230404	09:31:19	86f3d8fd-6780-44f4-8299-053f202da808	POST	/auth	http://localhost:3000
20230404	09:31:19	5ed62298-7e47-468a-b0c6-bf7b4036a0b2	OPTIONS	/users	http://localhost:3000
20230404	09:31:19	524f765c-3de9-420b-bf49-49f236ae87c7	OPTIONS	/cards	http://localhost:3000
20230404	09:31:19	dfffa07b-4b59-432a-8f85-30a34d1bc62c	GET	/cards	http://localhost:3000
20230404	09:31:19	e625dbbe-ac5f-4ea9-9cb8-f86af593288d	GET	/users	http://localhost:3000
20230404	09:31:35	c8155e34-cdf9-4b79-8ef1-6440f8a36abd	GET	/	undefined
20230404	09:31:36	f2a73d91-674c-4f92-9092-a23c318f12a5	GET	/css/style.css	undefined
20230404	09:31:36	78d6bc51-cc91-47a4-9ff4-6476af92833f	GET	/favicon.ico	undefined
20230404	09:32:04	9dc032f3-a8a1-4d85-87e9-cee9ea3d0dae	GET	/users	http://localhost:3000
20230404	09:32:04	7021624a-e39a-4943-ae4d-f27aa4f51359	GET	/cards	http://localhost:3000
20230404	09:32:11	de9af2ff-216b-4cb8-9b71-2aaa806d5f0f	GET	/users	http://localhost:3000
20230404	09:32:11	782219cb-3ab9-492b-927d-50b5d7d3c3d5	GET	/cards	http://localhost:3000
20230404	09:33:12	455c69a5-c7e3-42a9-9eaa-d299ce23e4d9	GET	/cards	http://localhost:3000
20230404	09:33:12	9a051e88-e92b-44c1-9ab1-e6a66a6fe254	GET	/users	http://localhost:3000
20230404	09:33:24	6332c506-5ba1-4d7e-a5b5-58f7cbb30d1e	POST	/auth/logout	http://localhost:3000
20230404	09:33:42	041b3919-17bb-4972-aec8-654464ef99cb	OPTIONS	/auth	http://localhost:3000
20230404	09:33:42	d96372d2-39bb-4f10-ac33-212a28353b4c	POST	/auth	http://localhost:3000
20230404	09:33:42	3c735557-6b35-48bd-a4d0-1a5d2502d5f3	OPTIONS	/users	http://localhost:3000
20230404	09:33:42	eca5c715-ecae-4417-9618-874bc4b482b6	OPTIONS	/cards	http://localhost:3000
20230404	09:33:42	74b743ec-8cad-4d20-b2d1-d4936343fa79	GET	/users	http://localhost:3000
20230404	09:33:42	1699cd9f-e4a4-4508-a287-4e44bfbca1ec	GET	/cards	http://localhost:3000
20230404	09:33:55	8847b6bf-a232-4e19-accc-3442ae71f9b9	GET	/users	http://localhost:3000
20230404	09:33:55	6074a6d9-e69a-42a2-951b-a47602ff7465	GET	/cards	http://localhost:3000
20230405	16:07:38	3afbe26b-9986-46bb-9ab5-d3f3a763ba45	POST	/auth	http://localhost:3000
20230405	16:07:38	1c03e383-6382-4a2e-84d8-483eea06f77e	OPTIONS	/auth	http://localhost:3000
20230405	16:07:38	5a6e0f00-fdae-4c20-a6e8-e8dfaca51508	OPTIONS	/cards	http://localhost:3000
20230405	16:07:38	48a7ee50-ec39-473c-82ba-e601df9afa38	OPTIONS	/users	http://localhost:3000
20230405	16:07:38	f66623fc-6d2b-4663-986c-b3fee72a0721	GET	/users	http://localhost:3000
20230405	16:07:38	b619dc4e-ea41-4772-935a-ac529710eec6	GET	/cards	http://localhost:3000
20230405	16:07:42	fb624335-bac3-4f51-8bc6-af1c8d8ed54d	OPTIONS	/auth/logout	http://localhost:3000
20230405	16:07:42	2e65750f-d634-48a3-9dd1-813b83cb4ab4	POST	/auth/logout	http://localhost:3000
20230405	16:45:06	e70cf597-f788-4d5a-a63f-7b6921a9c96f	POST	/auth	http://localhost:3000
20230405	16:45:06	1fca1254-a872-4afa-8983-39c0f8f599ed	OPTIONS	/auth	http://localhost:3000
20230405	16:45:07	c0e150ca-d12f-427b-9b19-2b65e34a5db9	GET	/users	http://localhost:3000
20230405	16:45:07	3935b162-dde3-4366-bc45-d5bb504ffe82	OPTIONS	/cards	http://localhost:3000
20230405	16:45:07	419f6f63-7e8e-4f1c-b67d-c1ae7c481ac1	OPTIONS	/users	http://localhost:3000
20230405	16:45:07	2dbd59f8-ecfc-4d74-9c68-989350506508	GET	/cards	http://localhost:3000
20230405	16:46:01	44c3fcca-723a-46be-9ee4-04c8ba45e08d	GET	/auth/refresh	http://localhost:3000
20230405	16:46:01	6b3c98a1-331e-47e6-92e1-c5ccd736f2d4	OPTIONS	/users	http://localhost:3000
20230405	16:46:01	5ee5a78c-ce75-4dad-bb0f-4dbcfef29383	OPTIONS	/cards	http://localhost:3000
20230405	16:46:01	d7915538-63fd-401e-844c-5d3517ecc363	GET	/users	http://localhost:3000
20230405	16:46:01	1d32f545-0356-41cb-b5e6-70a695529183	GET	/cards	http://localhost:3000
20230405	16:49:20	5b64b27a-11ab-4be0-ad23-8d3ef6c5babc	GET	/auth/refresh	http://localhost:3000
20230405	16:49:20	94baf012-0a23-4353-9241-57aea1865190	GET	/users	http://localhost:3000
20230405	16:49:20	84958afb-6a88-474f-a1c9-6ab5b1d4785d	OPTIONS	/users	http://localhost:3000
20230405	16:49:20	e6a1ba33-7714-42d3-b436-c799e093afb0	GET	/cards	http://localhost:3000
20230405	16:49:20	d912526f-fab8-4a31-a047-da61a29fec29	OPTIONS	/cards	http://localhost:3000
20230405	16:51:05	d2dc82f0-65be-4c32-a788-ade6a0548e5c	GET	/auth/refresh	http://localhost:3000
20230405	16:51:05	b2fa0d5f-2d2c-4219-a168-04755893ad17	OPTIONS	/users	http://localhost:3000
20230405	16:51:05	da8a36b8-bf56-4512-8f54-0b6374ddbbaa	OPTIONS	/cards	http://localhost:3000
20230405	16:51:05	3c1f4974-c3bb-4511-b655-11cdc3e6d1f3	GET	/cards	http://localhost:3000
20230405	16:51:05	60099a81-d3a7-4210-8b2d-e42942d99300	GET	/users	http://localhost:3000
20230405	16:51:26	760c941c-8241-4a23-b35a-27f856e1fbb7	GET	/auth/refresh	http://localhost:3000
20230405	16:51:26	a502cea2-c560-482c-83d2-df43687874fb	OPTIONS	/users	http://localhost:3000
20230405	16:51:26	cea7d6ad-3a8c-4e31-aad0-e2ebc8f8fdc2	OPTIONS	/cards	http://localhost:3000
20230405	16:51:26	66a72fff-4edf-4a43-b889-1a52bb09cc19	GET	/cards	http://localhost:3000
20230405	16:51:26	c1df524f-22dc-4657-bef0-ae530caae978	GET	/users	http://localhost:3000
20230405	17:02:51	bd60ca21-8a56-4141-90cb-caedfa200d6f	GET	/auth/refresh	http://localhost:3000
20230405	17:02:51	4f6cce9d-e0b0-4ef0-90dd-91350028c431	OPTIONS	/users	http://localhost:3000
20230405	17:02:51	0bd82852-398f-4641-9250-117bbcbefa88	GET	/users	http://localhost:3000
20230405	17:02:51	4faf8fad-8145-484a-8914-174f5cccc3d1	OPTIONS	/cards	http://localhost:3000
20230405	17:02:51	aeefd37b-01ec-4d8e-bff3-ff0ceacc1adc	GET	/cards	http://localhost:3000
20230405	17:08:55	51d887e1-1e64-4984-9762-f54225f7aed9	GET	/auth/refresh	http://localhost:3000
20230405	17:09:03	3141ce37-5a6f-4246-bbe6-47e5b456559e	OPTIONS	/cards	http://localhost:3000
20230405	17:09:03	6e86a0f4-7c43-4af4-8662-20520a04d556	OPTIONS	/users	http://localhost:3000
20230405	17:09:03	2c1e253b-ef3b-423c-b4d0-d97454f85a95	GET	/cards	http://localhost:3000
20230405	17:09:03	abc33f5c-b09f-4d4e-a72c-817f80d48cfb	GET	/users	http://localhost:3000
20230405	17:12:22	6bfdc314-9c2d-4dad-b482-c25caf4291f6	GET	/auth/refresh	http://localhost:3000
20230405	17:12:23	b7d61e32-0623-4f5d-af48-442d886d1401	OPTIONS	/cards	http://localhost:3000
20230405	17:12:23	e7cc8679-d799-4b2b-af4f-a97e392cf439	GET	/users	http://localhost:3000
20230405	17:12:23	daa892bb-9ba0-46c2-9dad-eeba4fec78f2	GET	/cards	http://localhost:3000
20230405	17:12:23	0fbcb650-2026-4e87-bfd5-06d680e05866	OPTIONS	/users	http://localhost:3000
20230405	17:30:03	b30af8cf-511b-44ac-b2c6-e1b5831d228c	GET	/auth/refresh	http://localhost:3000
20230405	17:30:03	98d60000-ec69-4dc9-9363-7f260ddcf5d2	GET	/cards	http://localhost:3000
20230405	17:30:03	68225077-1745-406d-b869-8b181a020781	OPTIONS	/cards	http://localhost:3000
20230405	17:30:03	2a3c0a7f-5fbb-4392-b383-8f64d3f1fc27	OPTIONS	/users	http://localhost:3000
20230405	17:30:03	d74e8f40-768c-42eb-a220-8b56807a18e2	GET	/users	http://localhost:3000
20230405	17:31:11	bed50eb0-a763-4841-9dd9-ededa190be48	GET	/auth/refresh	http://localhost:3000
20230405	17:31:11	1577ef31-7d0e-4d38-8c33-169137c13bb7	OPTIONS	/users	http://localhost:3000
20230405	17:31:11	fed9d18c-6778-4fed-bfe7-9ee447fe0e1f	OPTIONS	/cards	http://localhost:3000
20230405	17:31:11	7a50bab6-44be-4311-a3b5-cae0a472f161	GET	/users	http://localhost:3000
20230405	17:31:11	94a9f576-1aa2-4ed5-a560-3bab304ce2e8	GET	/cards	http://localhost:3000
20230405	19:13:12	a90be86c-1308-48a6-b7f5-597cb4540543	GET	/auth/refresh	http://localhost:3000
20230405	19:13:13	92061807-1b72-4e60-bc2f-f9cf8977fe4d	OPTIONS	/cards	http://localhost:3000
20230405	19:13:13	6813c283-c09e-4143-956a-d2f3b2b06d87	GET	/users	http://localhost:3000
20230405	19:13:12	0759ef69-d83e-444d-9aa7-a61e5890918d	OPTIONS	/users	http://localhost:3000
20230405	19:13:13	40238226-1d27-458d-b727-52f74c1a7f88	GET	/cards	http://localhost:3000
20230405	19:15:40	36823cd4-6269-4807-a2de-0b918de674fe	GET	/auth/refresh	http://localhost:3000
20230405	19:15:40	a8241662-cae0-4731-b840-ba6de8e72fce	OPTIONS	/users	http://localhost:3000
20230405	19:15:40	b6f4a065-5bd8-48f0-a18a-5c838b0c4fab	GET	/cards	http://localhost:3000
20230405	19:15:40	508914c6-ce7c-4a30-aec0-ef298ddf5a2c	OPTIONS	/cards	http://localhost:3000
20230405	19:15:40	c7ebceb7-f334-47c7-a4c3-ccdba65efa82	GET	/users	http://localhost:3000
20230405	19:23:45	1f60060a-fd43-4ba2-a5c7-e3f3436ada01	GET	/auth/refresh	http://localhost:3000
20230405	19:23:45	e96ec50a-f94a-42d8-bee7-0e6874a606cd	OPTIONS	/cards	http://localhost:3000
20230405	19:23:45	74a45de4-77a7-4222-8c3c-d7a929d6c26f	GET	/users	http://localhost:3000
20230405	19:23:45	2e779d8d-0849-4ae8-b2a3-89b78a3af2e7	GET	/cards	http://localhost:3000
20230405	19:23:45	1f8f3a94-5b5e-43af-b750-e9e3a65b7d60	OPTIONS	/users	http://localhost:3000
20230406	09:42:10	cdbc2428-7f51-4d15-bf8f-3961ca4fb8bf	OPTIONS	/auth	http://localhost:3000
20230406	09:42:10	ea4d98e1-5bc8-4063-a688-087b19d6d17a	POST	/auth	http://localhost:3000
20230406	09:42:10	36ceb27d-dd8a-4bca-95e5-2ee67dc12c8c	GET	/users	http://localhost:3000
20230406	09:42:10	011b6ffc-a409-4e5f-adfc-e92b5fc71b2a	OPTIONS	/users	http://localhost:3000
20230406	09:42:11	6e95351b-6a0b-4388-8903-ead961f0ec79	GET	/cards	http://localhost:3000
20230406	09:42:10	9978f1e0-1a23-4bc1-8f32-97df59505cf0	OPTIONS	/cards	http://localhost:3000
20230406	10:18:12	d3173dea-47a5-4b52-a6c0-743d56fa7c34	GET	/auth/refresh	http://localhost:3000
20230406	10:18:12	326e2bfd-0008-457a-b489-53d2447cc846	OPTIONS	/users	http://localhost:3000
20230406	10:18:12	2d7917ad-62b1-4fa5-8e31-3ed3a053283c	GET	/users	http://localhost:3000
20230406	10:18:12	af39f9d8-aee3-431e-ae97-0922921f580d	OPTIONS	/cards	http://localhost:3000
20230406	10:18:12	4637fc25-a296-4ea8-bbbe-0eeec7d2c1ea	GET	/cards	http://localhost:3000
20230406	13:26:57	b950f2ed-6245-4a9c-9da4-a22e7338e0cc	GET	/auth/refresh	http://localhost:3000
20230406	13:26:57	be07e4fb-a132-4757-ab7a-306b4f44aedd	OPTIONS	/users	http://localhost:3000
20230406	13:26:57	3a5e92ce-1289-4f76-b866-173d02212231	OPTIONS	/cards	http://localhost:3000
20230406	13:26:57	7c3ec3cc-ecb5-4737-b9cd-724e45aa5bdf	GET	/users	http://localhost:3000
20230406	13:26:57	cad21158-c1cb-48e4-8803-29716a438ec1	GET	/cards	http://localhost:3000
20230406	13:40:23	0cf1bca8-6d6a-44d4-a2a5-aba4b00d47eb	GET	/auth/refresh	http://localhost:3000
20230406	13:40:23	dee6abe4-4580-47ed-9650-3a07ff170133	OPTIONS	/cards	http://localhost:3000
20230406	13:40:23	8d134440-b11d-404b-8156-5412bb95c58a	OPTIONS	/users	http://localhost:3000
20230406	13:40:23	1b8a6418-98b5-462e-a032-a5eeca9ffd16	GET	/users	http://localhost:3000
20230406	13:40:23	60f649fd-c918-4c56-a723-5b408349154c	GET	/cards	http://localhost:3000
20230406	13:51:25	de7027a3-8515-4ddc-9e33-7a8881dd1cfb	GET	/auth/refresh	http://localhost:3000
20230406	13:51:25	755086c1-97d8-45ad-b01c-169b59246ba9	GET	/users	http://localhost:3000
20230406	13:51:25	c932b127-c2af-4794-bb9d-78aa919b0aad	OPTIONS	/cards	http://localhost:3000
20230406	13:51:25	69ecea13-8ebe-4971-87e2-e607ea46b138	OPTIONS	/users	http://localhost:3000
20230406	13:51:25	1e313761-750a-4796-bfc9-62b90c5bd7ca	GET	/cards	http://localhost:3000
20230406	13:53:25	e42134b9-877d-4e75-9477-504a930ddef6	GET	/auth/refresh	http://localhost:3000
20230406	13:53:25	f3bd97c3-eefb-473a-b627-e1196a7e90d1	OPTIONS	/cards	http://localhost:3000
20230406	13:53:25	e5ce9770-233e-4bf8-ac5d-7610ffceef0c	OPTIONS	/users	http://localhost:3000
20230406	13:53:25	aae1517f-48c7-4287-b7b2-816ba810a623	GET	/users	http://localhost:3000
20230406	13:53:25	1ed26f1c-d17b-4684-a9a7-f3b241fb4096	GET	/cards	http://localhost:3000
20230406	13:55:20	8c1a3629-3ecb-48f0-afd4-437ca4d553fa	GET	/auth/refresh	http://localhost:3000
20230406	13:55:20	d47f1769-8024-4233-a093-16a7fc1691e1	OPTIONS	/users	http://localhost:3000
20230406	13:55:20	5b732a40-a0b0-41b9-9bdc-a1ad519f28ab	GET	/users	http://localhost:3000
20230406	13:55:20	65800056-4c60-40f7-8403-ae2eb5ad849b	OPTIONS	/cards	http://localhost:3000
20230406	13:55:20	2aa112a0-0791-4a23-8071-dd1cc36d447b	GET	/cards	http://localhost:3000
20230406	13:56:35	2a7acb76-e4d9-43b0-9024-352a59cf4a7e	GET	/auth/refresh	http://localhost:3000
20230406	13:56:35	0d21d7d0-03d3-4eb6-938e-27a72f7079cc	GET	/users	http://localhost:3000
20230406	13:56:35	caf4a06c-6d5a-4299-a2e2-c1e1c0ba407c	OPTIONS	/users	http://localhost:3000
20230406	13:56:35	454b21ef-ab2f-47cc-b812-489efd77a877	OPTIONS	/cards	http://localhost:3000
20230406	13:56:35	8a99c021-94be-4c43-ad66-1f55a2e8e830	GET	/cards	http://localhost:3000
20230406	13:57:18	cc156dd9-7a1f-48a3-9583-cf8207645827	GET	/auth/refresh	http://localhost:3000
20230406	13:57:18	cbeff313-2dd1-4d63-9def-7a7692d20ef0	OPTIONS	/users	http://localhost:3000
20230406	13:57:18	f21ae75b-b04a-4f2c-a67f-b1f3c1c93aff	OPTIONS	/cards	http://localhost:3000
20230406	13:57:19	a104e163-3267-4548-b414-587a89445ae8	GET	/users	http://localhost:3000
20230406	13:57:19	065e7d83-d417-499e-be0c-a1d1d640f630	GET	/cards	http://localhost:3000
20230406	13:58:24	389272b5-d7b2-4ab1-a8ce-2f3d640d268b	GET	/auth/refresh	http://localhost:3000
20230406	13:58:24	91e08992-a05b-442e-a563-d2f03cf9b42d	OPTIONS	/users	http://localhost:3000
20230406	13:58:25	67085d05-e91b-4d00-9341-d8773f1af044	OPTIONS	/cards	http://localhost:3000
20230406	13:58:25	79ffc0f3-0031-4843-aaff-824a4546eaa9	GET	/users	http://localhost:3000
20230406	13:58:25	369c9297-50c6-4349-9a78-9d41283b3e61	GET	/cards	http://localhost:3000
20230406	14:00:23	f96fe665-e7b6-40c0-88bd-91e326cb083e	GET	/auth/refresh	http://localhost:3000
20230406	14:00:24	9e3ca972-08bf-40d2-91a5-52ea4496ff76	OPTIONS	/users	http://localhost:3000
20230406	14:00:24	5d89c165-d368-4205-9927-9196e5132ab1	GET	/users	http://localhost:3000
20230406	14:00:24	3ebecbdf-5e9c-4e43-92d1-07d8e3d9f64d	OPTIONS	/cards	http://localhost:3000
20230406	14:00:24	b98291a4-ae78-473a-8d01-aa7237d73316	GET	/cards	http://localhost:3000
20230406	14:00:51	042a516d-bfa6-4869-9499-f80ba18826ac	GET	/auth/refresh	http://localhost:3000
20230406	14:00:51	935760b3-2421-4a79-974d-e20de44941f3	OPTIONS	/users	http://localhost:3000
20230406	14:00:51	2aaae238-0fb8-4a19-98c9-21d7f2d87653	OPTIONS	/cards	http://localhost:3000
20230406	14:00:51	8a691ae5-ee8e-4989-8a18-9d57da0db90b	GET	/users	http://localhost:3000
20230406	14:00:51	2eef65b7-8d7c-4ebf-a3bd-090723d5d500	GET	/cards	http://localhost:3000
20230406	14:04:58	a6669dda-dba2-476b-82c2-bb3769c883aa	GET	/auth/refresh	http://localhost:3000
20230406	14:04:58	c0378444-49b5-4e4b-a20d-07fcd06d48df	OPTIONS	/cards	http://localhost:3000
20230406	14:04:58	e828bd85-7516-4ee7-990b-ed4b02ba68ce	OPTIONS	/users	http://localhost:3000
20230406	14:04:58	0288e431-3147-4e23-ad1e-e54fe7a389f6	GET	/cards	http://localhost:3000
20230406	14:04:58	ee196cc7-7c96-44d0-b414-384f3bac51f6	GET	/users	http://localhost:3000
20230406	14:12:12	9d05a03b-5d39-4a6e-a045-2b21fe6ef235	GET	/auth/refresh	http://localhost:3000
20230406	14:12:12	4b58e234-0943-403a-9d9b-b0050957a435	GET	/users	http://localhost:3000
20230406	14:12:12	4024645c-5bdd-4130-aee3-55acc06d1bee	OPTIONS	/cards	http://localhost:3000
20230406	14:12:12	35cd0fab-c07e-4005-96f2-b3b31966a93d	OPTIONS	/users	http://localhost:3000
20230406	14:12:12	145225fe-8f04-4b8d-9389-c12d010936c6	GET	/cards	http://localhost:3000
20230406	14:13:27	4e3ccc6a-b644-4bfa-b941-3ab902e52f0e	GET	/auth/refresh	http://localhost:3000
20230406	14:13:27	87b1205d-e173-4028-bbfb-593c98e3d530	OPTIONS	/users	http://localhost:3000
20230406	14:13:27	aab8576b-13e1-4139-8b88-9cac5d0d9b92	OPTIONS	/cards	http://localhost:3000
20230406	14:13:27	9a1648d4-1a52-4cbe-b03d-9ee820d602c1	GET	/users	http://localhost:3000
20230406	14:13:27	a8faba05-35c7-40f8-bd4a-729baf9aff57	GET	/cards	http://localhost:3000
20230406	14:14:18	e8b1b43d-b02a-4a7f-989f-cf20e9ed2f72	GET	/auth/refresh	http://localhost:3000
20230406	14:14:18	a7831264-39d8-461d-93ae-d373ce97d4f0	OPTIONS	/cards	http://localhost:3000
20230406	14:14:18	1c3496e4-aae4-4532-807b-4998aa6af2a0	OPTIONS	/users	http://localhost:3000
20230406	14:14:18	3656ecef-9e70-4683-87e4-687cdc2c1314	GET	/users	http://localhost:3000
20230406	14:14:18	7f02406e-ed48-470e-a135-c47fecb9265f	GET	/cards	http://localhost:3000
20230406	14:34:51	b9be9e7d-2909-42b1-950c-de699621a0b4	GET	/auth/refresh	http://localhost:3000
20230406	14:34:52	6f6b1dae-3754-4188-8187-d9e8c019e062	OPTIONS	/cards	http://localhost:3000
20230406	14:34:52	2d4bedd2-476f-4136-8666-e5978e6311ce	OPTIONS	/users	http://localhost:3000
20230406	14:34:52	72164263-8076-4058-abfb-f47dff8157d6	GET	/users	http://localhost:3000
20230406	14:34:52	d1ff392c-0ed6-49aa-8cd9-1be33b2b1757	GET	/cards	http://localhost:3000
20230406	14:48:16	24dd03b5-911d-47e2-9305-9edc0aac336b	GET	/auth/refresh	http://localhost:3000
20230406	14:48:16	263cce1b-75f3-409b-9611-7535c58554cf	OPTIONS	/users	http://localhost:3000
20230406	14:48:16	5a2ebddd-8bc8-4c20-acf9-45a19caef2e4	OPTIONS	/cards	http://localhost:3000
20230406	14:48:16	9c10ae6b-fcb1-41a0-9d77-082d49f38679	GET	/users	http://localhost:3000
20230406	14:48:16	afe5021c-4694-460f-b8b6-663fc10da3f4	GET	/cards	http://localhost:3000
20230406	14:49:56	ed0c2b3b-70b1-4906-9cc3-eedcbe33b769	GET	/auth/refresh	http://localhost:3000
20230406	14:49:56	30963e01-76e6-47b3-bb29-aa0cc850234d	OPTIONS	/users	http://localhost:3000
20230406	14:49:57	e1452074-2ec3-4033-87c8-7ea930c4014d	GET	/users	http://localhost:3000
20230406	14:49:57	02d375ae-4b18-40e9-b9cf-61e710d40ca7	OPTIONS	/cards	http://localhost:3000
20230406	14:49:57	db1bf9d4-8f15-41fb-815c-abdcb9106a1a	GET	/cards	http://localhost:3000
20230406	14:50:26	468375b6-4e79-495f-93f7-9e7a59d4ea7b	GET	/auth/refresh	http://localhost:3000
20230406	14:50:27	5e33a589-91b3-4b30-aeed-7e53f7c31ec7	OPTIONS	/users	http://localhost:3000
20230406	14:50:27	2b23041b-4b57-4ac7-86c0-a30a8be22b3c	GET	/cards	http://localhost:3000
20230406	14:50:27	93584a9a-e944-428a-95ec-916b5fd15136	OPTIONS	/cards	http://localhost:3000
20230406	14:50:27	a731a544-d962-48a9-9a2e-e7b25f21bd8f	GET	/users	http://localhost:3000
20230406	14:50:36	42a86cf5-004e-4cad-8b33-abc2d3f991f8	GET	/auth/refresh	http://localhost:3000
20230406	14:50:36	165ef7d5-c918-4de0-9738-b5692702070d	OPTIONS	/users	http://localhost:3000
20230406	14:50:36	22e52faa-ef55-44b0-a7ed-ea86ba610351	GET	/users	http://localhost:3000
20230406	14:50:36	01413ce6-4932-4f2f-9110-62d666575067	OPTIONS	/cards	http://localhost:3000
20230406	14:50:36	c4e663e1-eb27-48c3-ba78-ac722b7bd8a5	GET	/cards	http://localhost:3000
20230406	15:04:48	dc03bc4d-5f94-48a1-a172-4db056880c97	GET	/auth/refresh	http://localhost:3000
20230406	15:05:03	0d6a8e4c-3bd9-4201-af81-0f59fe729c33	GET	/auth/refresh	http://localhost:3000
20230406	15:05:10	95db3ce7-ec70-4e10-ae71-d467a2680103	GET	/auth/refresh	http://localhost:3000
20230406	15:06:34	ab57236e-9576-4e36-8a98-49fbc3470e80	GET	/auth/refresh	http://localhost:3000
20230406	15:08:23	f9d2f103-477a-4484-9dca-c4bf59c4f175	GET	/auth/refresh	http://localhost:3000
20230406	15:09:37	12ea889c-67e7-44e4-a6eb-d260b705f44c	GET	/auth/refresh	http://localhost:3000
20230406	15:10:11	ae3cf7ac-d412-472c-936d-4b88e8221136	GET	/auth/refresh	http://localhost:3000
20230406	15:11:05	79db6da2-3a7f-43e7-9ced-b9cb6adbed95	GET	/auth/refresh	http://localhost:3000
20230406	15:11:27	f4a1afd9-9e04-4e01-9533-2f37e60398f1	GET	/auth/refresh	http://localhost:3000
20230406	15:11:42	d4e770c3-6dbd-446c-b0a5-b3111828c0de	GET	/auth/refresh	http://localhost:3000
20230406	15:12:08	b7354181-cc05-4234-bda3-3b3c98bd2d03	GET	/auth/refresh	http://localhost:3000
20230406	15:17:02	025948d8-c45e-4d6a-b1b0-fb1b37011b09	OPTIONS	/users	http://localhost:3000
20230406	15:17:02	331f693f-5f2e-4e08-b16e-239577e60af0	OPTIONS	/cards	http://localhost:3000
20230406	15:17:02	aa07289a-884d-4c23-9e41-eee1f4ad7cc7	GET	/users	http://localhost:3000
20230406	15:17:02	10a68ae5-f962-43cf-9d76-ed9475a86e17	GET	/cards	http://localhost:3000
20230406	15:17:30	ff3fd5d0-f966-4312-9d87-1361adca3458	GET	/auth/refresh	http://localhost:3000
20230406	15:17:30	7f85b17d-4b3c-45c6-9bc8-d3fa054cde87	GET	/cards	http://localhost:3000
20230406	15:17:30	0171ad32-cd62-4ffa-a82e-ed93a210649c	OPTIONS	/users	http://localhost:3000
20230406	15:17:30	9716b0d3-43d2-4b65-aaad-101e97e4b1b9	GET	/users	http://localhost:3000
20230406	15:17:30	48830bc3-c781-4a9b-9ae7-93a2610153e3	OPTIONS	/cards	http://localhost:3000
20230406	15:23:03	56507d35-502b-443e-8130-b52c77d826d8	GET	/auth/refresh	http://localhost:3000
20230406	15:23:03	3003909a-232e-4186-89b9-75443f96abe2	OPTIONS	/cards	http://localhost:3000
20230406	15:23:03	236d1040-afec-4bb6-8b87-99cae843ad7e	OPTIONS	/users	http://localhost:3000
20230406	15:23:03	d4a01867-b465-4b7a-b354-527f7ab76f81	GET	/cards	http://localhost:3000
20230406	15:23:03	861c8bfe-af8c-4677-9475-6044b1b8d6be	GET	/users	http://localhost:3000
20230406	15:32:33	0fda7376-681d-4e8f-bf8a-11c61b16982e	GET	/auth/refresh	http://localhost:3000
20230406	15:32:33	cdb88b0d-7bb7-4662-b9cc-5a068ee85d1e	GET	/users	http://localhost:3000
20230406	15:32:33	74afcab2-1131-477c-bc31-80db9c9e92b0	OPTIONS	/cards	http://localhost:3000
20230406	15:32:33	a8f1cca5-f226-47f4-bf03-80e648ddde81	OPTIONS	/users	http://localhost:3000
20230406	15:32:33	c70c1124-044a-47cf-81cc-c3693980d84c	GET	/cards	http://localhost:3000
20230406	15:44:58	5d88e25c-9a78-4f8b-9ba2-cb26863448e7	GET	/auth/refresh	http://localhost:3000
20230406	15:44:58	3070da59-59e5-4db8-9c17-29cca087f0c2	OPTIONS	/users	http://localhost:3000
20230406	15:44:58	bb7992a9-20d5-402f-a465-5398afcfe348	OPTIONS	/cards	http://localhost:3000
20230406	15:44:58	60e46090-8e49-43c2-b0a4-c106bddc8e82	GET	/cards	http://localhost:3000
20230406	15:44:59	1286acb5-9139-4725-a9f1-d45a9978cc45	GET	/users	http://localhost:3000
20230406	16:16:32	6358c0e6-8fae-437b-82b7-f96e2a578eb2	GET	/auth/refresh	http://localhost:3000
20230406	16:16:53	4b91cda5-3d7e-4768-ac31-ea30aadb6c36	GET	/auth/refresh	http://localhost:3000
20230406	16:16:54	026d0deb-0448-4f3e-a9d1-202a15023b41	OPTIONS	/cards	http://localhost:3000
20230406	16:16:54	332e6d57-8024-4aa7-bd40-8d9e713c068c	GET	/users	http://localhost:3000
20230406	16:16:54	4e05ada0-91bc-42aa-afa5-bdc027e4e350	OPTIONS	/users	http://localhost:3000
20230406	16:16:54	9964c542-afc3-437f-a983-d3b475e822b0	GET	/cards	http://localhost:3000
20230406	16:18:53	27888f2c-e31d-49e3-9b01-484703836d86	GET	/auth/refresh	http://localhost:3000
20230406	16:18:53	3ab4fec1-e42f-4687-b18f-542f176d255d	OPTIONS	/users	http://localhost:3000
20230406	16:18:53	44c8b1be-e65b-4de5-ba6d-34b8279b6f46	GET	/users	http://localhost:3000
20230406	16:18:53	9148b64e-6620-467a-95f2-45acd439205e	OPTIONS	/cards	http://localhost:3000
20230406	16:18:53	1247b6c8-002f-4d91-9f51-4a1202e0295d	GET	/cards	http://localhost:3000
20230406	16:21:29	15a75686-14bd-42d8-9a9e-11cf64036e84	GET	/auth/refresh	http://localhost:3000
20230406	16:21:30	a4036da2-11fb-4cfd-b36f-232a9b2e9dc7	OPTIONS	/users	http://localhost:3000
20230406	16:21:30	5e499ad3-18c2-4ab8-bb80-dbf6dd892510	GET	/cards	http://localhost:3000
20230406	16:21:30	b854c670-3db2-43bf-b364-f8627954ae2b	OPTIONS	/cards	http://localhost:3000
20230406	16:21:30	851fc877-313b-4899-aa6a-b2e8ffb48b04	GET	/users	http://localhost:3000
20230406	16:22:08	42a7da11-ab43-45d2-8f12-bea849d12918	GET	/auth/refresh	http://localhost:3000
20230406	16:22:08	e7de7f60-6ae6-4d21-8fc8-6039bef0dcf4	OPTIONS	/cards	http://localhost:3000
20230406	16:22:08	8ad78dfc-de52-4945-8741-42f917152881	GET	/cards	http://localhost:3000
20230406	16:22:08	324408d1-418e-4094-9a8d-9ad33654a0bd	OPTIONS	/users	http://localhost:3000
20230406	16:22:08	1b027189-c827-4074-978c-cfd7e84e6312	GET	/users	http://localhost:3000
20230406	16:22:54	9ad5d039-5544-4e15-9cdc-673ac96262ef	GET	/auth/refresh	http://localhost:3000
20230406	16:22:54	a7c7fa3f-949d-4280-9468-6913de73e701	GET	/cards	http://localhost:3000
20230406	16:22:54	9c9567b5-dced-489f-ba21-bac26337dc01	OPTIONS	/users	http://localhost:3000
20230406	16:22:54	a513802e-2a18-4642-b0df-cf29c4216afa	OPTIONS	/cards	http://localhost:3000
20230406	16:22:54	3f511c7d-7b08-4dde-a479-d1f4653a4bfc	GET	/users	http://localhost:3000
20230406	16:36:34	51702250-4df5-405d-a003-ad7741008b0c	GET	/auth/refresh	http://localhost:3000
20230406	16:36:35	ef1f2a3c-0d2c-495e-83dd-11af74b5c652	OPTIONS	/users	http://localhost:3000
20230406	16:36:35	36672c8b-15fa-4d73-a2a1-50f959e8aea9	OPTIONS	/cards	http://localhost:3000
20230406	16:36:35	a8a095e4-46c6-4c89-bf93-1967a6944ff8	GET	/users	http://localhost:3000
20230406	16:36:35	e914db17-3f99-4dc5-8714-cc246d39ac27	GET	/cards	http://localhost:3000
20230406	16:37:48	f9e0621f-a1ae-4128-92af-394f41f36a1b	GET	/auth/refresh	http://localhost:3000
20230406	16:37:48	9e7bbe6f-7d53-450b-8ba0-36aa5b19c990	OPTIONS	/cards	http://localhost:3000
20230406	16:37:48	c065c426-bbb7-4066-af47-43983fd2db17	OPTIONS	/users	http://localhost:3000
20230406	16:37:48	515950ae-4c2b-418e-a0ae-c162d70e0ba3	GET	/users	http://localhost:3000
20230406	16:37:48	603debec-cf0c-4bc1-a5ab-5e1b2fe47c3d	GET	/cards	http://localhost:3000
20230406	16:38:16	18068524-f7c9-4bbc-b04d-5f60d70ec4fb	GET	/auth/refresh	http://localhost:3000
20230406	16:38:16	d6b07529-a185-4c5e-b78e-eeefef37a1d4	OPTIONS	/users	http://localhost:3000
20230406	16:38:16	f08dedb7-ce60-49f5-856a-ed48666d37b2	OPTIONS	/cards	http://localhost:3000
20230406	16:38:16	64de9083-5165-4a16-bc20-40cd9e35344b	GET	/users	http://localhost:3000
20230406	16:38:16	47c6e960-525e-4da3-8bf6-8d65575288dc	GET	/cards	http://localhost:3000
20230406	16:39:37	b3a4ea66-077c-444c-84a7-f3879cd8cdbb	GET	/auth/refresh	http://localhost:3000
20230406	16:39:37	dc4036f7-f109-465c-82e5-dcf4cfe303a7	OPTIONS	/users	http://localhost:3000
20230406	16:39:37	0556946a-8fc8-46c3-9ff2-2b4513c11167	OPTIONS	/cards	http://localhost:3000
20230406	16:39:37	5b8dcfe1-7277-4dcf-ab75-0d8a4cbd2b1a	GET	/users	http://localhost:3000
20230406	16:39:37	150eb45a-cb6a-4e85-98d4-2a3467e38c1c	GET	/cards	http://localhost:3000
20230406	16:47:16	9ed9414a-1a18-4d7d-bd7d-3ca11ec753a8	GET	/auth/refresh	http://localhost:3000
20230406	16:47:17	3ed258ff-635c-40ab-aa24-c43eee4b1e2b	OPTIONS	/users	http://localhost:3000
20230406	16:47:17	a7e53812-7427-40f0-bc0f-300d9ec8dad0	GET	/cards	http://localhost:3000
20230406	16:47:17	c5b16706-8982-4800-b4cb-71f82dd306f8	OPTIONS	/cards	http://localhost:3000
20230406	16:47:17	af139082-3300-4f41-9e3b-eca8acbc0789	GET	/users	http://localhost:3000
20230406	16:49:18	09cc64c2-8488-484e-9c55-bb5230592769	GET	/auth/refresh	http://localhost:3000
20230406	16:49:19	e8d2fd16-c0d2-4e28-bd25-de7feb326de6	GET	/users	http://localhost:3000
20230406	16:49:19	b69af3f9-54ce-4a6f-b0cf-68589c70d36b	OPTIONS	/users	http://localhost:3000
20230406	16:49:19	965a31c2-3564-4bb2-b551-7fbc7d8a0959	OPTIONS	/cards	http://localhost:3000
20230406	16:49:19	dd1b8da6-df85-4e6d-a533-f0a7ee91c89d	GET	/cards	http://localhost:3000
20230406	16:52:03	54c97d44-2a32-4a06-826a-3bee7e62c30d	GET	/auth/refresh	http://localhost:3000
20230406	16:52:03	fa966df2-39b6-40c2-ae06-e604db549569	OPTIONS	/users	http://localhost:3000
20230406	16:52:03	2719aa63-c825-4378-b799-94b87147085f	OPTIONS	/cards	http://localhost:3000
20230406	16:52:03	35df3966-c955-441a-aadb-7e2eb2fd862e	GET	/users	http://localhost:3000
20230406	16:52:03	694b68e4-deea-4bbb-83f5-5759ea338b67	GET	/cards	http://localhost:3000
20230406	16:54:46	5258195f-151b-45af-bb28-82db8a32b83b	GET	/auth/refresh	http://localhost:3000
20230406	16:54:46	688de865-80d7-4f95-9e44-f952139b9bc7	OPTIONS	/users	http://localhost:3000
20230406	16:54:46	0e44f08d-94a9-4079-a3ae-343d7ab8c0aa	GET	/users	http://localhost:3000
20230406	16:54:46	f7688237-f1df-41f4-928d-6084625b3e6d	OPTIONS	/cards	http://localhost:3000
20230406	16:54:46	0adcc6ba-30ea-4c2e-a820-e5d0760da922	GET	/cards	http://localhost:3000
20230406	16:55:50	1323ff99-67d0-4f66-84ec-cdefd558972d	GET	/auth/refresh	http://localhost:3000
20230406	16:55:51	7adca708-7549-47b6-acb1-38b34be61303	OPTIONS	/cards	http://localhost:3000
20230406	16:55:51	1051737b-e199-40d2-8da1-9d918712a952	OPTIONS	/users	http://localhost:3000
20230406	16:55:51	e29a120c-323c-4b15-88a0-e10af7e2880d	GET	/cards	http://localhost:3000
20230406	16:55:51	50d4b1c5-2b4f-4da5-9c3c-92ac63ad056c	GET	/users	http://localhost:3000
20230406	16:57:03	fc278e47-47f3-40d9-b05c-73d429e9180a	GET	/auth/refresh	http://localhost:3000
20230406	16:57:03	f7424ee3-db5d-4089-b0b2-a5d044a60c6c	OPTIONS	/users	http://localhost:3000
20230406	16:57:03	523d495b-4ee6-4188-973e-7920c8daaf9e	OPTIONS	/cards	http://localhost:3000
20230406	16:57:03	8f56bd1d-817a-4d62-b6c6-9c4eaa1ecae6	GET	/cards	http://localhost:3000
20230406	16:57:03	a4b70081-2216-4676-b018-307e77215340	GET	/users	http://localhost:3000
20230406	16:57:53	85f9d207-474f-42f1-b51d-694c1b593fe8	GET	/auth/refresh	http://localhost:3000
20230406	16:57:54	b7c72969-9fc9-401f-a2bf-d4faa9bbbc9c	OPTIONS	/cards	http://localhost:3000
20230406	16:57:54	46a2141d-fea9-427a-ad29-9ff0be345dee	OPTIONS	/users	http://localhost:3000
20230406	16:57:54	eae26d44-c9d8-4e00-a3c9-4a28e01887c4	GET	/cards	http://localhost:3000
20230406	16:57:54	07ce1432-fb72-439f-82e5-29a0eb7bbc8d	GET	/users	http://localhost:3000
20230406	16:58:11	5642ff1f-8b52-425f-be2a-2717cfcf12a1	GET	/auth/refresh	http://localhost:3000
20230406	16:58:11	5255c89c-6459-4389-8445-d17e6a2df9b5	OPTIONS	/users	http://localhost:3000
20230406	16:58:11	4a6c7e74-7803-4376-9cfb-648b84d89786	OPTIONS	/cards	http://localhost:3000
20230406	16:58:11	7ebcdbc5-34c6-43f2-ad94-8fbc75b0a784	GET	/users	http://localhost:3000
20230406	16:58:11	204e1af2-123c-4f65-95bf-44ac36ef6389	GET	/cards	http://localhost:3000
20230406	16:59:45	ecab1a9f-535b-4b7e-8888-a1a4123fbeaf	GET	/auth/refresh	http://localhost:3000
20230406	16:59:47	eff8d7b3-5f07-4450-901c-ec8b5326a220	OPTIONS	/cards	http://localhost:3000
20230406	16:59:47	05100f0b-1173-4065-bc06-e76a29fde03f	GET	/cards	http://localhost:3000
20230406	16:59:47	96826bb2-a717-44f2-9b69-b6f7b425ffce	OPTIONS	/users	http://localhost:3000
20230406	16:59:47	0985ec0a-229f-44c0-a856-bb2408d2928a	GET	/users	http://localhost:3000
20230406	17:00:56	0c1ae15a-2203-44b2-a004-28ffc2740b09	GET	/auth/refresh	http://localhost:3000
20230406	17:00:57	eac0f4c4-f23d-48e8-937a-c7ded5b7d7b4	OPTIONS	/cards	http://localhost:3000
20230406	17:00:57	0e6e8df2-8d3a-4b52-977e-81431306e4be	OPTIONS	/users	http://localhost:3000
20230406	17:00:57	264e36bb-8982-4e11-ae44-8c5b74cfd051	GET	/cards	http://localhost:3000
20230406	17:00:57	b8a512f5-4115-4265-9a04-92661bbb4906	GET	/users	http://localhost:3000
20230406	17:01:06	eae92aed-7111-43e4-bcc4-4e2cd38d0ac9	GET	/auth/refresh	http://localhost:3000
20230406	17:01:07	e5fadd4c-174a-45e5-a0f0-8aff3b05990c	OPTIONS	/users	http://localhost:3000
20230406	17:01:07	753215af-8a58-4994-8abf-2c949064878e	OPTIONS	/cards	http://localhost:3000
20230406	17:01:07	d095c7eb-1b5f-427d-b921-f9bfaa639180	GET	/users	http://localhost:3000
20230406	17:01:07	5fa9528e-f000-4ad4-9d0c-e040c8d60444	GET	/cards	http://localhost:3000
20230406	17:05:25	2ab23006-18d8-4c4b-b065-58311ed709b3	GET	/auth/refresh	http://localhost:3000
20230406	17:05:25	61a5495d-e718-4bf2-8ee8-51c84935ae1d	OPTIONS	/cards	http://localhost:3000
20230406	17:05:25	c7ed8b74-e939-4ef2-8a2e-1572ef11cb68	OPTIONS	/users	http://localhost:3000
20230406	17:05:25	979e3c0d-5d70-4a9f-a1d6-3b6f6dd7ef99	GET	/users	http://localhost:3000
20230406	17:05:25	10cda568-675e-4230-9921-ca9f2e2e937c	GET	/cards	http://localhost:3000
20230406	17:06:04	3b39cac0-6a76-4a3c-abef-382876023933	GET	/auth/refresh	http://localhost:3000
20230406	17:06:04	b8876089-1916-4c36-8c69-bb37266dd703	OPTIONS	/users	http://localhost:3000
20230406	17:06:04	89593776-1879-433f-adf0-8a323f2d5d34	GET	/users	http://localhost:3000
20230406	17:06:04	147c05ea-5cd6-40cd-b086-b05a0f44f5bd	OPTIONS	/cards	http://localhost:3000
20230406	17:06:04	43544080-3231-42ed-bcaf-18f2574cf0e5	GET	/cards	http://localhost:3000
20230406	17:06:38	45d0c04b-0c61-4581-8a78-759ff17ed78c	GET	/auth/refresh	http://localhost:3000
20230406	17:06:38	771e6617-6f12-4109-8f40-93d51803bf1a	OPTIONS	/cards	http://localhost:3000
20230406	17:06:38	0f401f12-b110-4235-a489-bd6df9fffa4e	OPTIONS	/users	http://localhost:3000
20230406	17:06:38	1b8218cf-c67b-407b-8ff6-47ce21085add	GET	/cards	http://localhost:3000
20230406	17:06:38	2d49eed8-8abe-4b18-8e2f-bdb6765914b2	GET	/users	http://localhost:3000
20230406	17:07:04	8cdab552-2f5f-441a-8cae-59ac0589a02e	GET	/auth/refresh	http://localhost:3000
20230406	17:07:04	15b7b56f-d9e7-4785-a0f9-492d76344894	GET	/users	http://localhost:3000
20230406	17:07:04	c649a40a-0499-489e-9679-73c49cf81f25	GET	/cards	http://localhost:3000
20230406	17:07:04	b6dc0679-4200-4964-a30b-a6cde79de9c0	OPTIONS	/cards	http://localhost:3000
20230406	17:07:04	aecaa9b6-f4a1-4e72-a8fc-af0564c9b977	OPTIONS	/users	http://localhost:3000
20230406	17:08:11	c7ad91c3-7491-4424-9dc3-160914f76d0d	GET	/auth/refresh	http://localhost:3000
20230406	17:08:11	9e5ba4e0-5d3a-4744-a86c-0724eff04f4f	OPTIONS	/cards	http://localhost:3000
20230406	17:08:11	d78cb857-2250-4543-9ab1-dfc9bf01c44f	OPTIONS	/users	http://localhost:3000
20230406	17:08:11	f1e555e1-c2db-4c2b-9487-d0c39804e8e1	GET	/users	http://localhost:3000
20230406	17:08:11	ffef4c7c-c1a2-497a-8c86-345d656e7b22	GET	/cards	http://localhost:3000
20230406	17:09:03	0d58028f-33e5-4099-bdb3-8264e4e55254	GET	/auth/refresh	http://localhost:3000
20230406	17:09:03	e9691e0d-42c0-4b93-b543-5bfe93a939b8	OPTIONS	/cards	http://localhost:3000
20230406	17:09:03	af2f346c-82d3-403c-a635-f1cf10bb175a	OPTIONS	/users	http://localhost:3000
20230406	17:09:03	e3d1be18-8b88-4218-9139-24416433acd9	GET	/users	http://localhost:3000
20230406	17:09:03	50f3cdcc-d2fb-4f32-aff1-2cb8c57e63a4	GET	/cards	http://localhost:3000
20230406	17:09:14	15780f24-8fae-49fb-af91-8cfe6d7cab97	GET	/auth/refresh	http://localhost:3000
20230406	17:09:14	a5533a65-9d70-48d6-a6f0-1c98b6e6c27b	GET	/cards	http://localhost:3000
20230406	17:09:14	e99bd4e5-c604-4bf5-9ea6-b2775a1e9001	OPTIONS	/users	http://localhost:3000
20230406	17:09:14	007856f1-9d8c-491c-9395-466a9a3271b5	OPTIONS	/cards	http://localhost:3000
20230406	17:09:14	df90aef6-69b3-4f7e-a8df-e8f080d9b0a3	GET	/users	http://localhost:3000
20230406	17:09:45	446b07a9-a784-41e4-896a-f5dc6c10be4e	GET	/auth/refresh	http://localhost:3000
20230406	17:09:45	2047b48f-1f38-4484-bbee-a7fa9416181f	GET	/cards	http://localhost:3000
20230406	17:09:45	8fe240f4-2a43-4338-9467-55544737b8a8	OPTIONS	/cards	http://localhost:3000
20230406	17:09:45	5de9ff15-75f8-4ccd-afe6-66627d3a797a	OPTIONS	/users	http://localhost:3000
20230406	17:09:45	32ddd828-e3c9-4988-b8c6-44aa485e710f	GET	/users	http://localhost:3000
20230406	17:09:55	57dfa34b-b221-4d45-b8db-fd2d8293f33d	GET	/auth/refresh	http://localhost:3000
20230406	17:09:55	ce54f773-8702-423c-962d-84990906e1f6	OPTIONS	/cards	http://localhost:3000
20230406	17:09:55	09e6eff1-80aa-452a-a00d-8e620fdf984e	OPTIONS	/users	http://localhost:3000
20230406	17:09:55	a6703118-4af0-490b-8f1b-af201f6d156f	GET	/cards	http://localhost:3000
20230406	17:09:55	36b592ee-ff72-440c-a3a4-78fc259c129e	GET	/users	http://localhost:3000
20230406	17:10:30	b57bca20-b288-4843-97b9-0cef382a79c6	GET	/auth/refresh	http://localhost:3000
20230406	17:10:30	ab6ba0dc-c2e9-43aa-93ba-45f57658e593	GET	/cards	http://localhost:3000
20230406	17:10:30	f96a076f-5e92-4f00-817a-4276780fcafa	OPTIONS	/users	http://localhost:3000
20230406	17:10:30	5317f67a-2b5a-46df-b656-a7398ab60180	OPTIONS	/cards	http://localhost:3000
20230406	17:10:30	d002e018-8444-434a-84a9-a86dae1248a9	GET	/users	http://localhost:3000
20230406	17:12:22	bcf7b1ec-eecd-4be7-98a7-0b1a2b723b49	GET	/auth/refresh	http://localhost:3000
20230406	17:12:22	6c457d82-dbad-4c99-8ed8-f09b89782e27	OPTIONS	/cards	http://localhost:3000
20230406	17:12:22	ae5fd8ea-93aa-41f5-b8f2-6f9a74049693	GET	/users	http://localhost:3000
20230406	17:12:22	acbcde66-0ad3-43f7-af4e-3ca336648ba4	GET	/cards	http://localhost:3000
20230406	17:12:22	12e1f23b-e127-494f-83dd-d0a78f5a5fb9	OPTIONS	/users	http://localhost:3000
20230406	17:12:52	1c0f8bf2-d417-4943-b349-8ba3f968a370	GET	/auth/refresh	http://localhost:3000
20230406	17:12:52	d4dfbc1c-cc89-4c24-be03-4e808ae655cb	OPTIONS	/cards	http://localhost:3000
20230406	17:12:52	0ec421cc-0531-4b64-b31d-5ce91b8e36cc	OPTIONS	/users	http://localhost:3000
20230406	17:12:52	22be70ab-f46c-4f46-a876-c88f6db32f61	GET	/cards	http://localhost:3000
20230406	17:12:52	833d0adc-a8bf-473d-92d0-6cbaea473cfa	GET	/users	http://localhost:3000
20230406	17:13:12	9a8e278c-8001-49e0-8f21-7557fbf3a8ed	GET	/auth/refresh	http://localhost:3000
20230406	17:13:12	a624c00c-e931-4e16-aee5-4159760c5836	OPTIONS	/users	http://localhost:3000
20230406	17:13:12	7c6d26b5-630f-4831-ab27-5ab9ece8ea84	OPTIONS	/cards	http://localhost:3000
20230406	17:13:12	bab3ec94-b764-4396-9bf2-186992848a68	GET	/cards	http://localhost:3000
20230406	17:13:12	8fb6d283-8a2b-4fb7-91d8-4c37f970afba	GET	/users	http://localhost:3000
20230406	17:14:05	96301390-b73d-4325-84a0-f13f447daf02	GET	/auth/refresh	http://localhost:3000
20230406	17:14:05	e3da8bab-6be5-481e-9c8c-24e8feeb7be6	OPTIONS	/cards	http://localhost:3000
20230406	17:14:05	bb246424-9678-4f57-90f8-47ae270f2dfd	OPTIONS	/users	http://localhost:3000
20230406	17:14:05	3431ab78-d78f-408a-8eee-6e3015940952	GET	/cards	http://localhost:3000
20230406	17:14:05	46bf9bb0-2e61-4733-9f2e-8d175dbf3440	GET	/users	http://localhost:3000
20230406	17:27:53	a3a212c5-7695-4d56-932a-5ed12df8d98e	GET	/auth/refresh	http://localhost:3000
20230406	17:27:53	f8368778-0db6-4099-983d-ebbe9ea1fe29	OPTIONS	/cards	http://localhost:3000
20230406	17:27:53	b5c742ce-0001-40af-9aa6-9b079ae7af65	OPTIONS	/users	http://localhost:3000
20230406	17:27:53	180a1aa2-b36a-4783-93a1-abd56ae9100b	GET	/cards	http://localhost:3000
20230406	17:27:53	9cda7eca-edeb-4cde-8a6f-61021dd5ebbe	GET	/users	http://localhost:3000
20230406	17:29:03	77a6803c-0d59-40f1-97f5-96d3caf658d8	GET	/auth/refresh	http://localhost:3000
20230406	17:29:03	dfd302bd-9a1a-44af-91b1-b7a0fe5de19b	OPTIONS	/users	http://localhost:3000
20230406	17:29:03	e2472e78-e50c-47f9-9f85-7466a3d2157c	OPTIONS	/cards	http://localhost:3000
20230406	17:29:03	5f9773e9-82cc-428a-9e9a-4fc00edb53e6	GET	/users	http://localhost:3000
20230406	17:29:03	f77077db-4299-4ef6-8508-d34ec619b537	GET	/cards	http://localhost:3000
20230406	17:32:57	1a447836-213c-46b6-8db6-04b0a60aae54	GET	/auth/refresh	http://localhost:3000
20230406	17:32:58	9c890f01-963e-4fa3-b17e-dca6d7946f22	OPTIONS	/users	http://localhost:3000
20230406	17:32:58	d47cb7b5-7304-4ed6-9992-68977e4e4fc7	GET	/users	http://localhost:3000
20230406	17:32:58	38f3a666-314f-49ba-a146-bc3cd6409fdd	OPTIONS	/cards	http://localhost:3000
20230406	17:32:58	1d5faccb-60b1-470e-9a36-b206359a2cd6	GET	/cards	http://localhost:3000
20230406	17:33:13	e2121912-1998-4760-a077-aaed41ed30cf	GET	/auth/refresh	http://localhost:3000
20230406	18:49:15	cb676bc7-7a75-43ec-a70a-381abb5c9b4e	GET	/auth/refresh	http://localhost:3000
20230406	18:49:16	e8ef2b61-a199-4fac-a521-bfcb2f77e13c	GET	/cards	http://localhost:3000
20230406	18:49:16	d0d4ddb7-06bd-4725-bd5e-c81c78eb4316	OPTIONS	/users	http://localhost:3000
20230406	18:49:16	da5669c3-69da-41c7-9c8b-0f9015f131cf	OPTIONS	/cards	http://localhost:3000
20230406	18:49:16	f2a62811-7e89-4b2a-8b9b-44b2e3fc34f5	GET	/users	http://localhost:3000
20230406	18:50:17	34e43489-fc94-417f-9f8b-5fdae2c430e1	GET	/auth/refresh	http://localhost:3000
20230406	18:50:17	03513eaf-791a-4b94-a68c-4076f4ec02df	OPTIONS	/users	http://localhost:3000
20230406	18:50:18	aeee2955-7dec-422f-9cf9-cc9aa38234bf	OPTIONS	/cards	http://localhost:3000
20230406	18:50:18	d0526a23-9b81-4d7e-9bec-560b02ecb51c	GET	/users	http://localhost:3000
20230406	18:50:18	d85e4ef3-96b1-4253-a7b9-3baeeb18e4d9	GET	/cards	http://localhost:3000
20230406	18:50:50	5ce30e4c-090c-4a95-87d1-fd34111c62fd	GET	/auth/refresh	http://localhost:3000
20230406	18:50:51	cb09f9fd-efd9-4525-92ad-3c36d1c1c519	OPTIONS	/users	http://localhost:3000
20230406	18:50:51	bf320862-0d0f-4b08-bed3-a48c629dfdd7	OPTIONS	/cards	http://localhost:3000
20230406	18:50:51	9cc63884-6d3e-481f-a051-a997e3dfc1e4	GET	/users	http://localhost:3000
20230406	18:50:51	ad49ff3d-13e0-4ea4-8314-fc55de60903c	GET	/cards	http://localhost:3000
20230406	18:53:50	a354c052-1080-442e-81ce-7190c507b4fe	GET	/auth/refresh	http://localhost:3000
20230406	18:53:51	f80645cd-af1a-4e56-b1a3-3ce587b1d03d	OPTIONS	/users	http://localhost:3000
20230406	18:53:51	2406805c-207d-4e30-a945-48c430a1d51b	OPTIONS	/cards	http://localhost:3000
20230406	18:53:51	44fb2f77-1120-463d-96bc-f7cd6148954a	GET	/users	http://localhost:3000
20230406	18:53:51	902112e7-8961-4bdc-aa99-aff9abd4f873	GET	/cards	http://localhost:3000
20230406	20:17:35	6987d747-6356-40b0-8a33-46ab0bdda41c	GET	/auth/refresh	http://localhost:3000
20230406	20:32:25	d7f34fc3-9034-4765-bb5d-120f8326a58f	GET	/	undefined
20230406	20:32:25	5c310571-6ba4-4cc4-8472-5ecc45be283d	GET	/css/style.css	undefined
20230406	20:32:25	9423592f-8aef-4471-9824-3e14eae5a1b1	GET	/favicon.ico	undefined
20230406	20:32:36	52c3832e-d78d-458b-9ec9-41e32d019b96	OPTIONS	/auth	http://localhost:3000
20230406	20:32:36	60db95e4-e3bf-4cae-bb2d-ff777b1fa02d	POST	/auth	http://localhost:3000
20230406	20:32:37	da387993-1608-458d-b9f0-d9e0cd6565ee	OPTIONS	/users	http://localhost:3000
20230406	20:32:37	683f40d3-329a-4562-b5e2-df20890fc755	GET	/cards	http://localhost:3000
20230406	20:32:37	f9db6a0b-cfc9-43ea-8cca-a7c596e8ece9	OPTIONS	/cards	http://localhost:3000
20230406	20:32:37	ab4c481f-30ce-436d-bc34-7ff796d86fad	GET	/users	http://localhost:3000
20230406	20:35:26	50c9211a-768b-4395-8f54-02b8ec0882e9	POST	/auth/logout	http://localhost:3000
20230406	20:35:26	fa891e4a-65dd-4735-813f-33ad60622470	OPTIONS	/auth/logout	http://localhost:3000
20230406	20:35:33	a168aedf-7243-424b-b739-4544bc8f8b13	OPTIONS	/auth	http://localhost:3000
20230406	20:35:33	15df3e30-8da6-4e27-a401-8173046295c4	POST	/auth	http://localhost:3000
20230406	20:35:34	1b4d1197-b83d-416b-96d9-45da31820f4a	OPTIONS	/users	http://localhost:3000
20230406	20:35:34	69070b0e-6a15-4884-a33d-0e6018f5b42f	GET	/users	http://localhost:3000
20230406	20:35:34	f10d1d77-d804-4795-8ca5-ba14031a4906	OPTIONS	/cards	http://localhost:3000
20230406	20:35:34	ff4e2c9b-0a9d-437c-93b5-a7c156906b22	GET	/cards	http://localhost:3000
20230406	20:36:03	0e63ccfc-4a26-4ecc-93ca-b471b119e535	GET	/auth/refresh	http://localhost:3000
20230406	20:36:03	4318df3e-22fd-4e32-85b0-63ea3cda10b2	OPTIONS	/users	http://localhost:3000
20230406	20:36:03	abaa4daf-87c8-49cd-9789-27380b49b314	GET	/users	http://localhost:3000
20230406	20:36:03	cbb6f1e1-3538-418e-aa8c-1fb2bd3fb10f	OPTIONS	/cards	http://localhost:3000
20230406	20:36:03	3c177fc1-d8f9-44dc-9b9b-49bfeed6d803	GET	/cards	http://localhost:3000
20230406	20:36:10	0772314f-fbd9-4304-a18d-714c1aa143f1	GET	/auth/refresh	http://localhost:3000
20230406	20:36:10	05c5d948-23ad-4519-a02e-d6a828975f32	OPTIONS	/cards	http://localhost:3000
20230406	20:36:10	f2d14bf0-2929-42a3-94d6-af52f082e163	OPTIONS	/users	http://localhost:3000
20230406	20:36:10	0b4d10cd-34ba-4c9c-8df9-e700a3913177	GET	/users	http://localhost:3000
20230406	20:36:10	10a15df8-ac53-4a51-930e-9b6200209262	GET	/cards	http://localhost:3000
20230406	20:36:53	8d1eaf4d-ea3c-44dc-8d68-2f889b60b637	GET	/auth/refresh	http://localhost:3000
20230406	20:36:53	5b3a2f9d-9135-4cb8-8653-56c1ea68850a	OPTIONS	/users	http://localhost:3000
20230406	20:36:53	f5c96411-dc70-4c1e-baf5-0bb3b857e012	OPTIONS	/cards	http://localhost:3000
20230406	20:36:53	7a70e71c-4983-4e59-9bc6-f81639abe287	GET	/users	http://localhost:3000
20230406	20:36:53	000c32d6-e193-4634-b314-0a695f66524b	GET	/cards	http://localhost:3000
20230406	20:37:25	d4352bde-1940-4b6c-9f96-ee99a01cd57c	GET	/auth/refresh	http://localhost:3000
20230406	20:37:25	99949ec8-6f14-4817-b8b1-e4fabcdcc3bc	OPTIONS	/users	http://localhost:3000
20230406	20:37:25	45f8d032-ad6b-43fa-8008-3c7f63c473c6	OPTIONS	/cards	http://localhost:3000
20230406	20:37:25	5715ed74-a36a-4a4a-99f8-9ecd7397b37d	GET	/users	http://localhost:3000
20230406	20:37:25	c5168a99-8c07-4b5a-b926-2233cd7a7082	GET	/cards	http://localhost:3000
20230406	20:38:57	0ef0c725-4044-445d-9582-dbddc54e7dbb	OPTIONS	/auth/logout	http://localhost:3000
20230406	20:38:57	cd0d4c46-1479-4112-bcaf-89f83165312b	POST	/auth/logout	http://localhost:3000
20230406	20:41:30	bdfdbac4-92e7-4189-95e5-64dca33b530d	OPTIONS	/auth	http://localhost:3000
20230406	20:41:30	e9583c4e-4608-41d0-bfe3-2dfba8b3e54c	POST	/auth	http://localhost:3000
20230406	20:41:30	9533505f-9e65-410e-a0b1-f3f5d70e42f9	OPTIONS	/users	http://localhost:3000
20230406	20:41:30	9a2eab04-e11c-43dd-96e0-0575689034c2	OPTIONS	/cards	http://localhost:3000
20230406	20:41:30	3133bc30-2ec4-4fb7-8a32-17db9b81ec2e	GET	/users	http://localhost:3000
20230406	20:41:30	9d902559-39e8-4d35-987d-f3c021ec0635	GET	/cards	http://localhost:3000
20230406	20:42:24	56729fc9-ccd2-4d04-b516-cc56f15598c4	GET	/auth/refresh	http://localhost:3000
20230406	20:42:24	5c57d723-3c53-48c2-8692-c3242a84baa0	OPTIONS	/users	http://localhost:3000
20230406	20:42:24	49754d75-6def-4423-a20e-c54d435e8c26	GET	/cards	http://localhost:3000
20230406	20:42:24	31439eae-7966-40d3-93de-cb21ce51786c	GET	/users	http://localhost:3000
20230406	20:42:24	e00b03b8-30ea-49e5-93d5-890eb3714839	OPTIONS	/cards	http://localhost:3000
20230406	20:43:10	4c01cae6-9e7f-4e90-8604-6d7920d5c27f	OPTIONS	/auth	http://localhost:3000
20230406	20:43:10	3504c4f3-0cb0-4102-acc5-be24da0d4597	POST	/auth	http://localhost:3000
20230406	20:43:21	a9daa7f8-06cc-40cf-ad31-c8d837f51e16	OPTIONS	/users	http://localhost:3000
20230406	20:43:21	0ae223ca-ef10-4b6f-b9ca-8a2c5a8dcdf3	OPTIONS	/cards	http://localhost:3000
20230406	20:43:21	7807bea2-e8b6-4fdc-8dd3-b99cd4ab79f9	GET	/cards	http://localhost:3000
20230406	20:43:21	a5655ce6-5fc8-4c06-93b4-87b3a0096182	GET	/users	http://localhost:3000
20230406	20:44:57	26b85be3-c74f-4f5e-84cf-51e81593719c	GET	/auth/refresh	http://localhost:3000
20230406	20:44:57	08f61116-cdf1-4b75-b1ca-1bb9c032f921	OPTIONS	/cards	http://localhost:3000
20230406	20:44:57	d6c2a5d2-4f01-4047-9a91-b0ccd6b427e5	OPTIONS	/users	http://localhost:3000
20230406	20:44:57	ae449883-ee0a-40dd-8785-9623f4204722	GET	/users	http://localhost:3000
20230406	20:44:57	623ed5ed-b700-4edd-9a45-2160c83d761a	GET	/cards	http://localhost:3000
20230406	20:46:35	b409b415-151e-4e5a-9ea6-86550f859d9d	GET	/auth/refresh	http://localhost:3000
20230406	20:46:35	a4dfb1c6-0164-4681-853a-f9473c421c97	OPTIONS	/cards	http://localhost:3000
20230406	20:46:35	74dcc2ab-139d-49e5-bb04-30bcf055999a	OPTIONS	/users	http://localhost:3000
20230406	20:46:35	6c6d72c3-fcd8-4853-9510-1e35c8ced3cf	GET	/users	http://localhost:3000
20230406	20:46:35	05c10f62-e6d7-4341-b46c-85cac3e6a76e	GET	/cards	http://localhost:3000
20230406	20:49:42	ea6a2c30-b473-4dcd-a97e-ade2f4d42caa	GET	/auth/refresh	http://localhost:3000
20230406	20:49:42	bbe8ffc8-9986-460f-8960-7e7b18cb3b17	OPTIONS	/users	http://localhost:3000
20230406	20:49:42	1980cb25-4940-4fe9-b981-96ad5c4fd4d5	OPTIONS	/cards	http://localhost:3000
20230406	20:49:42	145df681-918e-4613-905d-3300cae2bfa9	GET	/users	http://localhost:3000
20230406	20:49:42	6adf189d-b3c6-4435-959c-901919a7e08b	GET	/cards	http://localhost:3000
20230406	20:51:16	ee68ac09-b142-4084-a917-11b3124cb93c	OPTIONS	/cards	http://localhost:3000
20230406	20:51:16	0523e225-7b0f-49ea-9f3a-64bfba2529bf	OPTIONS	/users	http://localhost:3000
20230406	20:51:16	6865c7a4-1fb5-4ded-9ec5-334d727a1a06	GET	/users	http://localhost:3000
20230406	20:51:16	fc3400a8-6e4a-4913-a69a-c2443ca7fb22	GET	/cards	http://localhost:3000
20230406	20:51:21	687c2b90-7f64-49d7-bc9c-8fe6c5e3b48b	GET	/auth/refresh	http://localhost:3000
20230406	20:51:22	30719a9c-c39a-4afb-be68-6235690fb92a	OPTIONS	/cards	http://localhost:3000
20230406	20:51:22	052ae076-49fd-4a1f-8e7f-f719ea2c4c28	GET	/users	http://localhost:3000
20230406	20:51:22	65f225e4-d697-43ec-9bb3-e5eb589f21d6	OPTIONS	/users	http://localhost:3000
20230406	20:51:22	16e1f466-3245-43e4-928e-7aedb3eb28ec	GET	/cards	http://localhost:3000
20230406	20:51:39	01db09df-96d4-4f91-a3f2-a1755f2ce4c6	GET	/auth/refresh	http://localhost:3000
20230406	20:51:39	ded0dac8-d6a8-4737-8e27-0a250fc36b09	OPTIONS	/users	http://localhost:3000
20230406	20:51:39	4e4c99eb-66a8-41fb-8ee9-9042ed8d9c12	GET	/users	http://localhost:3000
20230406	20:51:39	18ec4508-9d68-462c-9abd-fa5aa67fc7dc	OPTIONS	/cards	http://localhost:3000
20230406	20:51:39	d539e47a-c414-41f2-8609-c6c13a810c98	GET	/cards	http://localhost:3000
20230406	20:54:18	7e6fd30a-3160-4557-b32b-1469b71736dc	GET	/auth/refresh	http://localhost:3000
20230406	20:54:18	061f9f5e-955d-47a2-9801-5b254ced7e50	OPTIONS	/users	http://localhost:3000
20230406	20:54:18	c0e86cc1-0898-4a7c-93f2-1a9186077b32	OPTIONS	/cards	http://localhost:3000
20230406	20:54:18	90dc8f06-e462-4036-b22f-fcd93865c7f0	GET	/cards	http://localhost:3000
20230406	20:54:18	9ab7d17b-1381-4de2-b6fc-6bcfdee53670	GET	/users	http://localhost:3000
20230406	20:54:27	ddcc16e3-03fb-456d-98f1-f25fb3a3eca4	OPTIONS	/auth/logout	http://localhost:3000
20230406	20:54:27	2617f337-6cec-4668-8f32-5fcb1a636a68	POST	/auth/logout	http://localhost:3000
20230406	20:54:35	6269ce52-f162-45cc-b088-a5d77709f3ab	POST	/auth	http://localhost:3000
20230406	20:54:35	0411f70d-2e64-42dd-8a59-f853df57d5ba	OPTIONS	/auth	http://localhost:3000
20230406	20:54:36	b64bf9ee-0e1d-4f07-8038-cb7893bbab00	OPTIONS	/cards	http://localhost:3000
20230406	20:54:36	4ae00b5e-7452-4ca1-b195-a83f35063f00	GET	/users	http://localhost:3000
20230406	20:54:36	f1488419-053a-451d-ba0a-5a1de5faf70f	GET	/cards	http://localhost:3000
20230406	20:54:36	4326bafe-0999-49c6-a2e7-bc09001b4861	OPTIONS	/users	http://localhost:3000
20230406	20:55:36	6baf1881-2dfd-4b2f-b694-a6f9ad1f7179	GET	/auth/refresh	http://localhost:3000
20230406	20:55:36	e5d606cd-5237-4298-ba9c-42f31e15b3bd	GET	/users	http://localhost:3000
20230406	20:55:36	d845f077-de21-4779-af2d-07a69874fa51	OPTIONS	/users	http://localhost:3000
20230406	20:55:36	cb6951dc-b261-4549-97d7-f11bf9bacb84	OPTIONS	/cards	http://localhost:3000
20230406	20:55:36	768ff7c0-d5f6-4d1f-b2e0-0efb867ae7a7	GET	/cards	http://localhost:3000
20230406	20:56:53	9f98c0e2-2fbc-4172-af55-0f5247f948c7	GET	/auth/refresh	http://localhost:3000
20230406	20:56:53	a6d8de3d-a150-4d5d-ae89-1dfea4061e81	OPTIONS	/cards	http://localhost:3000
20230406	20:56:53	39d2d7ed-2c85-4cd1-a727-607e3c9a1bc4	GET	/cards	http://localhost:3000
20230406	20:56:53	186abd00-5b34-42e9-9416-df3c333aca35	GET	/users	http://localhost:3000
20230406	20:56:53	7656f904-d4fb-4ca3-86ce-ab33c9485426	OPTIONS	/users	http://localhost:3000
20230406	20:57:21	8dea1364-1d00-468c-a281-6d332b117998	GET	/auth/refresh	http://localhost:3000
20230406	20:57:21	6a6e0971-7c44-4f89-af7e-648722942b68	OPTIONS	/users	http://localhost:3000
20230406	20:57:21	cedd5f04-4f7e-4944-b97a-b70a66b38aa7	GET	/users	http://localhost:3000
20230406	20:57:21	440255ef-b972-4ca6-88ab-86294d86bc37	OPTIONS	/cards	http://localhost:3000
20230406	20:57:21	b7e90600-6825-48f9-8ad8-a2a1d3cf7340	GET	/cards	http://localhost:3000
20230406	20:58:18	4ce661a2-94ae-4ccc-9ced-6a28b33989a2	GET	/auth/refresh	http://localhost:3000
20230406	20:58:18	ee5da709-5692-4491-b8eb-922a50de9558	OPTIONS	/cards	http://localhost:3000
20230406	20:58:18	d8af7704-3f37-4427-ac19-081a224f6827	OPTIONS	/users	http://localhost:3000
20230406	20:58:18	6bdb6ea9-d2fb-476f-a5f1-d8ff8c98b19c	GET	/cards	http://localhost:3000
20230406	20:58:18	da4f6a9b-9c30-4980-9c8d-3adbdacc89f5	GET	/users	http://localhost:3000
20230406	21:00:18	8656c4f9-c4c3-47ca-825b-601ea6747cff	GET	/auth/refresh	http://localhost:3000
20230406	21:00:19	0e2fc5bb-1d41-42ad-90f9-55d22b9db0f7	OPTIONS	/users	http://localhost:3000
20230406	21:00:19	598a3ea3-7988-4197-b53b-df8e78101f42	OPTIONS	/cards	http://localhost:3000
20230406	21:00:19	36ab3ba7-286a-43bf-aa36-41c80f03a19b	GET	/users	http://localhost:3000
20230406	21:00:19	f651cc9d-e1af-45a6-a8c5-603d4c327169	GET	/cards	http://localhost:3000
20230406	21:01:41	8c8239bf-5f91-48af-9518-354b7d737743	GET	/auth/refresh	http://localhost:3000
20230406	21:01:41	09f2b80d-2fb7-4d03-ab72-dd2fc9b44284	OPTIONS	/cards	http://localhost:3000
20230406	21:01:41	ec0699af-254b-433d-8846-de245edcbadd	GET	/cards	http://localhost:3000
20230406	21:01:41	4dce941a-19e7-487e-ac5d-035e07fe970b	OPTIONS	/users	http://localhost:3000
20230406	21:01:41	bc309266-3f5c-4365-b2dd-800b4d4dfdc6	GET	/users	http://localhost:3000
20230406	21:03:13	7d377347-3ab3-413e-88bf-acd46c01595f	GET	/auth/refresh	http://localhost:3000
20230406	21:03:14	968c0605-1a67-4acd-8ac6-aa6540d67294	OPTIONS	/cards	http://localhost:3000
20230406	21:03:14	dfc086c6-f42c-47ef-b39d-b412fddbf36e	OPTIONS	/users	http://localhost:3000
20230406	21:03:14	2777b35d-4819-40c5-b7cb-86fde2762386	GET	/cards	http://localhost:3000
20230406	21:03:14	bdeb5eab-d02b-46df-9239-4587e180e5c2	GET	/users	http://localhost:3000
20230406	21:05:01	1105188a-89eb-4aba-af45-72c5037614e3	GET	/auth/refresh	http://localhost:3000
20230406	21:05:01	88f635ed-b4a6-4cc2-9bca-849aca9fdedd	OPTIONS	/users	http://localhost:3000
20230406	21:05:01	4cb96dfc-9b25-4908-991b-bc4185154548	OPTIONS	/cards	http://localhost:3000
20230406	21:05:01	fbcf7dc0-776a-487d-8fa3-060ce447d624	GET	/cards	http://localhost:3000
20230406	21:05:01	f7dca04e-060f-4aae-b3d9-807de9ba9c0b	GET	/users	http://localhost:3000
20230406	21:05:46	d9b77b3e-9cec-42cc-a4f7-856847cc7f30	GET	/auth/refresh	http://localhost:3000
20230406	21:06:01	abdd96f4-1dba-42d7-9d4c-219591e10304	OPTIONS	/auth	http://localhost:3000
20230406	21:06:01	05c03c6f-8d1b-49f6-85a5-55c90f1d9ed1	POST	/auth	http://localhost:3000
20230406	21:06:01	7c590873-e070-4784-9f8f-6d6109d78b49	OPTIONS	/users	http://localhost:3000
20230406	21:06:01	e971c367-7317-438f-9822-9577f603afa2	OPTIONS	/cards	http://localhost:3000
20230406	21:06:01	d21c4bfd-db66-479c-8dce-38ec1ac53b21	GET	/cards	http://localhost:3000
20230406	21:06:01	ec6ab3ff-8a82-4ac4-8e66-44910f0556f1	GET	/users	http://localhost:3000
20230406	21:06:26	ada301b4-c4cb-4490-bd20-0c0d0f469894	GET	/auth/refresh	http://localhost:3000
20230406	21:06:30	3272cd06-036f-4f84-8a1e-2e6fb852981d	GET	/auth/refresh	http://localhost:3000
20230406	21:06:30	b6aeba7a-90f7-4e01-9744-5fef57c146e8	OPTIONS	/cards	http://localhost:3000
20230406	21:06:30	93e4f61a-ef6e-4011-83a7-c7092754a0d3	OPTIONS	/users	http://localhost:3000
20230406	21:06:30	bfd44578-b29c-4a8d-af27-bfc73621c18e	GET	/users	http://localhost:3000
20230406	21:06:30	bb38b9ce-4a5b-40fa-8112-6e8734f2f991	GET	/cards	http://localhost:3000
20230406	21:07:03	e7f269c7-00c4-4db8-bdeb-5d4c2726853a	GET	/auth/refresh	http://localhost:3000
20230406	21:07:03	84311a6d-e996-411c-9879-598a501b02c3	OPTIONS	/users	http://localhost:3000
20230406	21:07:03	e7d34a67-bc43-4553-b644-9beb7ef05804	GET	/users	http://localhost:3000
20230406	21:07:03	7ad90452-c3cf-40f0-a77d-9872a1bd0ab9	OPTIONS	/cards	http://localhost:3000
20230406	21:07:03	e8ad0437-cae7-432b-94d5-9c20c507129d	GET	/cards	http://localhost:3000
20230406	21:07:22	6a02a067-08bf-4465-b54a-1920d42dbf7e	GET	/auth/refresh	http://localhost:3000
20230406	21:07:22	c84dd2a2-3334-4fd7-8ceb-39f95ecc2abb	OPTIONS	/cards	http://localhost:3000
20230406	21:07:22	fb317bf8-9b22-417e-8707-ff47ee97e674	GET	/cards	http://localhost:3000
20230406	21:07:22	43e1362c-3bb3-4db9-adfc-6f4fcbb75887	OPTIONS	/users	http://localhost:3000
20230406	21:07:22	1a33288d-24e9-4490-b23e-b3685a5785ca	GET	/users	http://localhost:3000
20230406	21:07:39	cf1e061b-9727-4e8d-adfa-41a90c213606	GET	/auth/refresh	http://localhost:3000
20230406	21:08:43	e1762eca-4bb7-4bc3-b98a-971f1c107e18	GET	/auth/refresh	http://localhost:3000
20230406	21:08:43	f25b8f67-a8a2-41ab-bb98-b9422d7aec19	OPTIONS	/users	http://localhost:3000
20230406	21:08:43	b4c52df0-920c-4f33-bffa-2cd1a9c8fc16	OPTIONS	/cards	http://localhost:3000
20230406	21:08:43	2e4bcc04-764a-4bd9-98c8-1d0f38036658	GET	/users	http://localhost:3000
20230406	21:08:43	2adc8dc9-9902-402f-948c-7c4e3e279813	GET	/cards	http://localhost:3000
20230406	21:09:17	82ea5f57-e281-4999-9f70-a567c42add93	GET	/auth/refresh	http://localhost:3000
20230406	21:09:18	8acb35c2-f91c-43fd-85ce-95922826b209	OPTIONS	/cards	http://localhost:3000
20230406	21:09:18	8ae234a0-6e51-44b7-a2ca-688131663220	OPTIONS	/users	http://localhost:3000
20230406	21:09:18	f09a7c04-a3a9-4ed7-baca-0f6b7662fdc0	GET	/cards	http://localhost:3000
20230406	21:09:18	c7b6a193-63aa-41a7-b318-3b5c2c2dbf81	GET	/users	http://localhost:3000
20230406	21:09:50	16239dbd-778b-4080-afaa-67f83acd0217	GET	/auth/refresh	http://localhost:3000
20230406	21:09:50	f90863d8-06ec-4a39-8d89-f8a1f68c260d	OPTIONS	/users	http://localhost:3000
20230406	21:09:50	83a5af30-e027-4a1e-b179-c5d2bead737e	GET	/cards	http://localhost:3000
20230406	21:09:50	049e81be-e565-4825-83a8-624d984a1c30	GET	/users	http://localhost:3000
20230406	21:09:50	44d49deb-cd89-4c5c-be95-2f1e885bfde4	OPTIONS	/cards	http://localhost:3000
